============================= test session starts ==============================
platform darwin -- Python 3.7.5, pytest-5.3.1, py-1.8.0, pluggy-0.13.1 -- /usr/local/opt/python/bin/python3.7
cachedir: .pytest_cache
rootdir: /Users/eduardkulcsickij-gut/MAKERS/tic_tac_toe
collecting ... collected 1 item

tests/test_game.py::test_get_best_move_second FAILED                     [100%]

=================================== FAILURES ===================================
__________________________ test_get_best_move_second ___________________________

    def test_get_best_move_second():
        empty_cells = [[0,0],[0,1],[0,2],[1,0],[1,1],[1,2],[2,0],[2,1],[2,2]]
        board = [[' ',' ',' '],
                 [' ',' ',' '],
                 [' ',' ',' ']]
        turns = ['X']
        # points = []
        # points = None
        game = Game()
>       assert game.get_best_move(board, empty_cells, turns, points=[]) == [2]
E       assert 255168 == [2]
E         -255168
E         +[2]

tests/test_game.py:118: AssertionError
============================== 1 failed in 8.36s ===============================
